app/seeds.txt
com.dailyteedeals.dailyapp.BuildConfig
com.dailyteedeals.dailyapp.DTDApplication
com.dailyteedeals.dailyapp.DTDApplication: DTDApplication()
com.dailyteedeals.dailyapp.R
com.dailyteedeals.dailyapp.R$anim
com.dailyteedeals.dailyapp.R$anim: int abc_fade_in
com.dailyteedeals.dailyapp.R$anim: int abc_fade_out
com.dailyteedeals.dailyapp.R$anim: int abc_slide_in_bottom
com.dailyteedeals.dailyapp.R$anim: int abc_slide_in_top
com.dailyteedeals.dailyapp.R$anim: int abc_slide_out_bottom
com.dailyteedeals.dailyapp.R$anim: int abc_slide_out_top
com.dailyteedeals.dailyapp.R$anim: int grid_layout
com.dailyteedeals.dailyapp.R$anim: int scale_up
com.dailyteedeals.dailyapp.R$anim: int snackbar_in
com.dailyteedeals.dailyapp.R$anim: int snackbar_out
com.dailyteedeals.dailyapp.R$array
com.dailyteedeals.dailyapp.R$array: int currencyList
com.dailyteedeals.dailyapp.R$array: int currencyValues
com.dailyteedeals.dailyapp.R$attr
com.dailyteedeals.dailyapp.R$attr: int actionBarDivider
com.dailyteedeals.dailyapp.R$attr: int actionBarIconColor
com.dailyteedeals.dailyapp.R$attr: int actionBarInsetStart
com.dailyteedeals.dailyapp.R$attr: int actionBarItemBackground
com.dailyteedeals.dailyapp.R$attr: int actionBarPopupTheme
com.dailyteedeals.dailyapp.R$attr: int actionBarSize
com.dailyteedeals.dailyapp.R$attr: int actionBarSplitStyle
com.dailyteedeals.dailyapp.R$attr: int actionBarStyle
com.dailyteedeals.dailyapp.R$attr: int actionBarTabBarStyle
com.dailyteedeals.dailyapp.R$attr: int actionBarTabStyle
com.dailyteedeals.dailyapp.R$attr: int actionBarTabTextStyle
com.dailyteedeals.dailyapp.R$attr: int actionBarTheme
com.dailyteedeals.dailyapp.R$attr: int actionBarWidgetTheme
com.dailyteedeals.dailyapp.R$attr: int actionButtonStyle
com.dailyteedeals.dailyapp.R$attr: int actionDropDownStyle
com.dailyteedeals.dailyapp.R$attr: int actionLayout
com.dailyteedeals.dailyapp.R$attr: int actionMenuTextAppearance
com.dailyteedeals.dailyapp.R$attr: int actionMenuTextColor
com.dailyteedeals.dailyapp.R$attr: int actionModeBackground
com.dailyteedeals.dailyapp.R$attr: int actionModeCloseButtonStyle
com.dailyteedeals.dailyapp.R$attr: int actionModeCloseDrawable
com.dailyteedeals.dailyapp.R$attr: int actionModeCopyDrawable
com.dailyteedeals.dailyapp.R$attr: int actionModeCutDrawable
com.dailyteedeals.dailyapp.R$attr: int actionModeFindDrawable
com.dailyteedeals.dailyapp.R$bool
com.dailyteedeals.dailyapp.R$bool: int abc_action_bar_embed_tabs
com.dailyteedeals.dailyapp.R$bool: int abc_action_bar_embed_tabs_pre_jb
com.dailyteedeals.dailyapp.R$bool: int abc_action_bar_expanded_action_views_exclusive
com.dailyteedeals.dailyapp.R$bool: int abc_config_actionMenuItemAllCaps
com.dailyteedeals.dailyapp.R$bool: int abc_config_allowActionMenuItemTextWithIcon
com.dailyteedeals.dailyapp.R$bool: int abc_config_showMenuShortcutsWhenKeyboardPresent
com.dailyteedeals.dailyapp.R$bool: int is_phone
com.dailyteedeals.dailyapp.R$bool: int is_swipeable
...
com.google.android.gms.drive.internal.t$1
com.google.android.gms.drive.internal.t$a
com.google.android.gms.drive.internal.t$a$1
com.google.android.gms.drive.internal.u
com.google.android.gms.drive.internal.v
com.google.android.gms.drive.internal.v$1
com.google.android.gms.drive.internal.v$2
com.google.android.gms.drive.internal.v$a
com.google.android.gms.drive.internal.v$b
com.google.android.gms.drive.internal.v$c
com.google.android.gms.drive.internal.v$d
com.google.android.gms.drive.internal.v$e
com.google.android.gms.drive.internal.v$f
com.google.android.gms.drive.internal.w
com.google.android.gms.drive.internal.x
com.google.android.gms.drive.internal.x$1
com.google.android.gms.drive.internal.x$2
com.google.android.gms.drive.internal.x$a
com.google.android.gms.drive.internal.x$b
com.google.android.gms.drive.internal.x$c
com.google.android.gms.drive.internal.y
com.google.android.gms.drive.internal.y$1
com.google.android.gms.drive.internal.y$2
com.google.android.gms.drive.internal.y$3
com.google.android.gms.drive.internal.y$4
com.google.android.gms.drive.internal.y$a
com.google.android.gms.drive.internal.y$b
com.google.android.gms.drive.internal.y$c
com.google.android.gms.drive.internal.y$d
com.google.android.gms.drive.internal.z
com.google.android.gms.drive.metadata.CustomPropertyKey
com.google.android.gms.drive.metadata.CustomPropertyKey: android.os.Parcelable$Creator CREATOR
com.google.android.gms.drive.metadata.MetadataField
com.google.android.gms.drive.metadata.SearchableCollectionMetadataField
com.google.android.gms.drive.metadata.SearchableMetadataField
com.google.android.gms.drive.metadata.SearchableOrderedMetadataField
com.google.android.gms.drive.metadata.SortableMetadataField
com.google.android.gms.drive.metadata.a
com.google.android.gms.drive.metadata.b
com.google.android.gms.drive.metadata.c
com.google.android.gms.drive.metadata.d
com.google.android.gms.drive.metadata.internal.AppVisibleCustomProperties
com.google.android.gms.drive.metadata.internal.AppVisibleCustomProperties: android.os.Parcelable$Creator CREATOR
com.google.android.gms.drive.metadata.internal.AppVisibleCustomProperties$1
com.google.android.gms.drive.metadata.internal.AppVisibleCustomProperties$a
com.google.android.gms.drive.metadata.internal.CustomProperty
com.google.android.gms.drive.metadata.internal.CustomProperty: android.os.Parcelable$Creator CREATOR
com.google.android.gms.drive.metadata.internal.MetadataBundle
com.google.android.gms.drive.metadata.internal.MetadataBundle: android.os.Parcelable$Creator CREATOR
com.google.android.gms.drive.metadata.internal.a
com.google.android.gms.drive.metadata.internal.b
com.google.android.gms.drive.metadata.internal.c
com.google.android.gms.drive.metadata.internal.d
com.google.android.gms.drive.metadata.internal.e
com.google.android.gms.drive.metadata.internal.f
com.google.android.gms.drive.metadata.internal.g
com.google.android.gms.drive.metadata.internal.h
com.google.android.gms.drive.metadata.internal.i
com.google.android.gms.drive.metadata.internal.j
com.google.android.gms.drive.metadata.internal.k
com.google.android.gms.drive.metadata.internal.l
com.google.android.gms.drive.metadata.internal.m
com.google.android.gms.drive.query.Filter
com.google.android.gms.drive.query.Filters
com.google.android.gms.drive.query.Query
com.google.android.gms.drive.query.Query: android.os.Parcelable$Creator CREATOR
com.google.android.gms.drive.query.Query$Builder
com.google.android.gms.drive.query.SearchableField
com.google.android.gms.drive.query.SortOrder
com.google.android.gms.drive.query.SortOrder: android.os.Parcelable$Creator CREATOR
com.google.android.gms.drive.query.SortOrder$1
com.google.android.gms.drive.query.SortOrder$Builder
com.google.android.gms.drive.query.SortableField
com.google.android.gms.drive.query.a
com.google.android.gms.drive.query.b
com.google.android.gms.drive.query.c
com.google.android.gms.drive.query.internal.AbstractFilter