app/mapping.txt
com.dailyteedeals.dailyapp.DTDApplication -> com.dailyteedeals.dailyapp.DTDApplication:
    11:16:void onCreate() -> onCreate
com.dailyteedeals.dailyapp.R -> com.dailyteedeals.dailyapp.R:
com.dailyteedeals.dailyapp.R$styleable -> com.dailyteedeals.dailyapp.R$styleable:
    int[] ActionBar -> ActionBar
    int ActionBar_background -> ActionBar_background
    int ActionBar_backgroundSplit -> ActionBar_backgroundSplit
    int ActionBar_backgroundStacked -> ActionBar_backgroundStacked
    int ActionBar_contentInsetEnd -> ActionBar_contentInsetEnd
    int ActionBar_contentInsetLeft -> ActionBar_contentInsetLeft
    int ActionBar_contentInsetRight -> ActionBar_contentInsetRight
    int ActionBar_contentInsetStart -> ActionBar_contentInsetStart
    int ActionBar_customNavigationLayout -> ActionBar_customNavigationLayout
    int ActionBar_displayOptions -> ActionBar_displayOptions
    int ActionBar_divider -> ActionBar_divider
    int ActionBar_elevation -> ActionBar_elevation
    int ActionBar_height -> ActionBar_height
    int ActionBar_hideOnContentScroll -> ActionBar_hideOnContentScroll
    int ActionBar_homeAsUpIndicator -> ActionBar_homeAsUpIndicator
    int ActionBar_homeLayout -> ActionBar_homeLayout
    int ActionBar_icon -> ActionBar_icon
    int ActionBar_indeterminateProgressStyle -> ActionBar_indeterminateProgressStyle
    int ActionBar_itemPadding -> ActionBar_itemPadding
    int ActionBar_logo -> ActionBar_logo
    int ActionBar_navigationMode -> ActionBar_navigationMode
    int ActionBar_popupTheme -> ActionBar_popupTheme
    int ActionBar_progressBarPadding -> ActionBar_progressBarPadding
com.dailyteedeals.dailyapp.io.ApiClient -> com.dailyteedeals.dailyapp.io.ApiClient:
    com.dailyteedeals.dailyapp.io.ApiClient$ApiInterface sApiService -> a
    java.lang.String mHost -> b
    java.lang.String mApiVersion -> c
    22:31:com.dailyteedeals.dailyapp.io.ApiClient$ApiInterface getApiClient() -> a
com.dailyteedeals.dailyapp.io.ApiClient$1 -> com.dailyteedeals.dailyapp.io.ApiClient$1:
com.dailyteedeals.dailyapp.io.ApiClient$ApiInterface -> com.dailyteedeals.dailyapp.io.ApiClient$ApiInterface:
    void getProducts(java.lang.String,retrofit.Callback) -> getProducts
com.dailyteedeals.dailyapp.io.ApiClient$BasicRequestInterceptor -> com.dailyteedeals.dailyapp.io.ApiClient$BasicRequestInterceptor:
    43:44:void intercept(retrofit.RequestInterceptor$RequestFacade) -> intercept
com.dailyteedeals.dailyapp.io.ImageModelLoader -> com.dailyteedeals.dailyapp.io.ImageModelLoader:
    37:37:java.lang.String getUrl(com.dailyteedeals.dailyapp.io.model.Product,int,int) -> a
    16:16:java.lang.String getUrl(java.lang.Object,int,int) -> b
com.dailyteedeals.dailyapp.io.ImageModelLoader$Factory -> com.dailyteedeals.dailyapp.io.ImageModelLoader$Factory:
    com.bumptech.glide.load.model.ModelCache modelCache -> a
    23:23:com.bumptech.glide.load.model.ModelLoader build(android.content.Context,com.bumptech.glide.load.model.GenericLoaderFactory) -> a
    28:28:void teardown() -> a
com.dailyteedeals.dailyapp.io.model.Artist -> com.dailyteedeals.dailyapp.io.model.Artist:
    java.lang.String name -> name
    java.lang.String url -> url
com.dailyteedeals.dailyapp.io.model.Artist$$Parcelable -> com.dailyteedeals.dailyapp.io.model.Artist$$Parcelable:
    com.dailyteedeals.dailyapp.io.model.Artist artist$$0 -> artist$$0
    com.dailyteedeals.dailyapp.io.model.Artist$$Parcelable$Creator$$0 CREATOR -> CREATOR
    30:32:void writeToParcel(android.os.Parcel,int) -> writeToParcel
    36:36:int describeContents() -> describeContents
    41:41:com.dailyteedeals.dailyapp.io.model.Artist getParcel() -> getParcel
    9:9:java.lang.Object getParcel() -> getParcel
com.dailyteedeals.dailyapp.io.model.Artist$$Parcelable$1 -> com.dailyteedeals.dailyapp.io.model.Artist$$Parcelable$1:
...
android.support.v8.renderscript.ScriptIntrinsicYuvToRGBThunker -> android.support.v8.renderscript.ScriptIntrinsicYuvToRGBThunker:
    android.renderscript.ScriptIntrinsicYuvToRGB mN -> mN
    24:24:android.renderscript.ScriptIntrinsicYuvToRGB getNObj() -> getNObj
    33:42:android.support.v8.renderscript.ScriptIntrinsicYuvToRGBThunker create(android.support.v8.renderscript.RenderScript,android.support.v8.renderscript.Element) -> create
    47:53:void setInput(android.support.v8.renderscript.Allocation) -> setInput
    56:62:void forEach(android.support.v8.renderscript.Allocation) -> forEach
    65:71:android.support.v8.renderscript.Script$KernelID getKernelID() -> getKernelID
    75:81:android.support.v8.renderscript.Script$FieldID getFieldID_Input() -> getFieldID_Input
    20:20:android.renderscript.Script getNObj() -> getNObj
    20:20:android.renderscript.BaseObj getNObj() -> getNObj
android.support.v8.renderscript.Short2 -> android.support.v8.renderscript.Short2:
    short x -> x
    short y -> y
android.support.v8.renderscript.Short3 -> android.support.v8.renderscript.Short3:
    short x -> x
    short y -> y
    short z -> z
android.support.v8.renderscript.Short4 -> android.support.v8.renderscript.Short4:
    short x -> x
    short y -> y
    short z -> z
    short w -> w
android.support.v8.renderscript.Type -> android.support.v8.renderscript.Type:
    int mDimX -> mDimX
    int mDimY -> mDimY
    int mDimZ -> mDimZ
    boolean mDimMipmaps -> mDimMipmaps
    boolean mDimFaces -> mDimFaces
    int mDimYuv -> mDimYuv
    int mElementCount -> mElementCount
    android.support.v8.renderscript.Element mElement -> mElement
    84:84:android.support.v8.renderscript.Element getElement() -> getElement
    93:93:int getX() -> getX
    102:102:int getY() -> getY
    111:111:int getZ() -> getZ
    122:122:int getYuv() -> getYuv
    131:131:boolean hasMipmaps() -> hasMipmaps
    140:140:boolean hasFaces() -> hasFaces
    149:149:int getCount() -> getCount
    153:187:void calcElementCount() -> calcElementCount
android.support.v8.renderscript.Type$Builder -> android.support.v8.renderscript.Type$Builder:
    android.support.v8.renderscript.RenderScript mRS -> mRS
    int mDimX -> mDimX
    int mDimY -> mDimY
    int mDimZ -> mDimZ
    boolean mDimMipmaps -> mDimMipmaps
    boolean mDimFaces -> mDimFaces
    int mYuv -> mYuv
    android.support.v8.renderscript.Element mElement -> mElement
    228:232:android.support.v8.renderscript.Type$Builder setX(int) -> setX
    236:240:android.support.v8.renderscript.Type$Builder setY(int) -> setY
    244:248:android.support.v8.renderscript.Type$Builder setZ(int) -> setZ
    252:253:android.support.v8.renderscript.Type$Builder setMipmaps(boolean) -> setMipmaps
    257:258:android.support.v8.renderscript.Type$Builder setFaces(boolean) -> setFaces
    269:279:android.support.v8.renderscript.Type$Builder setYuvFormat(int) -> setYuvFormat
    289:333:android.support.v8.renderscript.Type create() -> create
android.support.v8.renderscript.Type$CubemapFace -> android.support.v8.renderscript.Type$CubemapFace:
    android.support.v8.renderscript.Type$CubemapFace POSITIVE_X -> POSITIVE_X
    android.support.v8.renderscript.Type$CubemapFace NEGATIVE_X -> NEGATIVE_X
    android.support.v8.renderscript.Type$CubemapFace POSITIVE_Y -> POSITIVE_Y
    android.support.v8.renderscript.Type$CubemapFace NEGATIVE_Y -> NEGATIVE_Y
    android.support.v8.renderscript.Type$CubemapFace POSITIVE_Z -> POSITIVE_Z
    android.support.v8.renderscript.Type$CubemapFace NEGATIVE_Z -> NEGATIVE_Z
    int mID -> mID
    android.support.v8.renderscript.Type$CubemapFace[] $VALUES -> $VALUES
    64:64:android.support.v8.renderscript.Type$CubemapFace[] values() -> values
    64:64:android.support.v8.renderscript.Type$CubemapFace valueOf(java.lang.String) -> valueOf