app/unused.txt
com.dailyteedeals.dailyapp.BuildConfig
com.dailyteedeals.dailyapp.R:
    10:2534:public R()
com.dailyteedeals.dailyapp.R$anim
com.dailyteedeals.dailyapp.R$array
com.dailyteedeals.dailyapp.R$attr
com.dailyteedeals.dailyapp.R$bool
com.dailyteedeals.dailyapp.R$color
com.dailyteedeals.dailyapp.R$dimen
com.dailyteedeals.dailyapp.R$drawable
com.dailyteedeals.dailyapp.R$id
com.dailyteedeals.dailyapp.R$integer
com.dailyteedeals.dailyapp.R$interpolator
com.dailyteedeals.dailyapp.R$layout
com.dailyteedeals.dailyapp.R$menu
com.dailyteedeals.dailyapp.R$raw
com.dailyteedeals.dailyapp.R$string
com.dailyteedeals.dailyapp.R$style
com.dailyteedeals.dailyapp.R$styleable:
    2534:2534:public R$styleable()
com.dailyteedeals.dailyapp.R$xml
com.dailyteedeals.dailyapp.io.ApiClient:
    16:40:public ApiClient()
com.dailyteedeals.dailyapp.io.model.Product$$Parcelable$Creator$$3
com.dailyteedeals.dailyapp.io.model.Site$$Parcelable$Creator$$4
com.dailyteedeals.dailyapp.ui.HeaderViewRecyclerAdapter:
    private static final int HEADERS_START
    private static final int FOOTERS_START
    private static final int ITEMS_START
    private static final int ADAPTER_MAX_TYPES
    72:77:public void setAdapter(android.support.v7.widget.RecyclerView$Adapter)
    116:117:public void addHeaderView(android.view.View)
    125:126:public void addFooterView(android.view.View)
com.dailyteedeals.dailyapp.ui.HeaderViewRecyclerAdapter$1:
    179:181:public void onItemRangeChanged(int,int)
    185:187:public void onItemRangeInserted(int,int)
    191:193:public void onItemRangeRemoved(int,int)
    197:201:public void onItemRangeMoved(int,int,int)
com.dailyteedeals.dailyapp.ui.detail.DetailActivity:
    private static final java.lang.String SCREEN_LABEL
com.dailyteedeals.dailyapp.ui.detail.DetailFragment$2
com.dailyteedeals.dailyapp.ui.main.GridProductAdapter:
    89:89:public java.util.List getPreloadItems(int)
    94:94:public com.bumptech.glide.GenericRequestBuilder getPreloadRequestBuilder(com.dailyteedeals.dailyapp.io.model.Product)
    28:28:public bridge synthetic com.bumptech.glide.GenericRequestBuilder getPreloadRequestBuilder(java.lang.Object)
com.dailyteedeals.dailyapp.ui.main.MainActivity:
    private static final java.lang.String SCREEN_LABEL
com.dailyteedeals.dailyapp.ui.widget.NonScrollableGridView
com.dailyteedeals.dailyapp.util.AlarmUtils
com.dailyteedeals.dailyapp.util.AnalyticsManager:
    13:13:public AnalyticsManager()
    19:20:public static synchronized void setTracker(com.google.android.gms.analytics.Tracker)
    37:53:public static void sendEvent(java.lang.String,java.lang.String,java.lang.String,long)
    56:57:public static void sendEvent(java.lang.String,java.lang.String,java.lang.String)
    60:60:public com.google.android.gms.analytics.Tracker getTracker()
com.dailyteedeals.dailyapp.util.BitmapUtils:
    13:13:public BitmapUtils()
com.dailyteedeals.dailyapp.util.ColorUtils:
    8:8:public ColorUtils()
com.dailyteedeals.dailyapp.util.Constants
com.dailyteedeals.dailyapp.util.LUtils:
    private static android.graphics.Typeface sMediumTypeface
    46:55:public void setMediumTypeface(android.widget.TextView)
    58:63:public int getStatusBarColor()
com.dailyteedeals.dailyapp.util.PrefUtils:
    public static final java.lang.String PREF_NOTIFICATIONS_ENABLED
    public static final java.lang.String PREF_FEEDBACK_SHOWN
    public static final java.lang.String PREF_DETAIL_TUTORIAL_SHOWN
    public static final java.lang.String PREF_DEFAULT_CURRENCY_CODE_SET
    public static final java.lang.String PREF_CURRENCY_CODE
    public static final java.lang.String PREF_LAST_OPENED
    12:12:public PrefUtils()
    26:28:public static void markDetailTutorialShown(android.content.Context)
    31:32:public static boolean wasDetailTutorialShown(android.content.Context)
com.dailyteedeals.dailyapp.util.ScreenUtils:
    9:9:public ScreenUtils()
com.dailyteedeals.dailyapp.util.UnobtrusiveNotificationsUtils:
    17:17:public UnobtrusiveNotificationsUtils()
...
com.google.android.gms.internal.b
com.google.android.gms.internal.ba
com.google.android.gms.internal.bb
com.google.android.gms.internal.bc
com.google.android.gms.internal.bc$a
com.google.android.gms.internal.bc$a$a
com.google.android.gms.internal.bd
com.google.android.gms.internal.bd$a
com.google.android.gms.internal.bd$a$a
com.google.android.gms.internal.be
com.google.android.gms.internal.be$a
com.google.android.gms.internal.be$a$a
com.google.android.gms.internal.bf
com.google.android.gms.internal.bf$a
com.google.android.gms.internal.bf$a$a
com.google.android.gms.internal.bg
com.google.android.gms.internal.bg$a
com.google.android.gms.internal.bh
com.google.android.gms.internal.bi
com.google.android.gms.internal.bj:
    public bj(com.google.android.gms.ads.search.SearchAdRequest)
com.google.android.gms.internal.bl:
    public boolean bo()
    public boolean bp()
    public boolean br()
com.google.android.gms.internal.bm
com.google.android.gms.internal.bo
com.google.android.gms.internal.bp
com.google.android.gms.internal.bq
com.google.android.gms.internal.bq$a
com.google.android.gms.internal.bq$a$a
com.google.android.gms.internal.br
com.google.android.gms.internal.br$a
com.google.android.gms.internal.br$a$a
com.google.android.gms.internal.bs
com.google.android.gms.internal.bt
com.google.android.gms.internal.bu
com.google.android.gms.internal.bv
com.google.android.gms.internal.bv$a
com.google.android.gms.internal.bw
com.google.android.gms.internal.bw$a
com.google.android.gms.internal.bx
com.google.android.gms.internal.bx$a
com.google.android.gms.internal.by
com.google.android.gms.internal.bz
com.google.android.gms.internal.c
com.google.android.gms.internal.c$a
com.google.android.gms.internal.c$b
com.google.android.gms.internal.c$c
com.google.android.gms.internal.c$d
com.google.android.gms.internal.c$e
com.google.android.gms.internal.c$f
com.google.android.gms.internal.c$g
com.google.android.gms.internal.c$h
com.google.android.gms.internal.c$i
com.google.android.gms.internal.c$j
com.google.android.gms.internal.cf
com.google.android.gms.internal.cg
com.google.android.gms.internal.ck
com.google.android.gms.internal.ck$a
com.google.android.gms.internal.ck$b
com.google.android.gms.internal.cl
com.google.android.gms.internal.cm
com.google.android.gms.internal.cm$a
com.google.android.gms.internal.cm$a$a
com.google.android.gms.internal.cn
com.google.android.gms.internal.co
com.google.android.gms.internal.cp
com.google.android.gms.internal.cp$1
com.google.android.gms.internal.cq
com.google.android.gms.internal.cr
com.google.android.gms.internal.cs
com.google.android.gms.internal.ct
com.google.android.gms.internal.cu
com.google.android.gms.internal.cu$1
com.google.android.gms.internal.cv
com.google.android.gms.internal.cv$a
com.google.android.gms.internal.cw
com.google.android.gms.internal.cx
com.google.android.gms.internal.cy
com.google.android.gms.internal.cy$a
com.google.android.gms.internal.cy$a$a
com.google.android.gms.internal.cz
com.google.android.gms.internal.cz$a
com.google.android.gms.internal.cz$a$a
com.google.android.gms.internal.d
com.google.android.gms.internal.d$a
com.google.android.gms.internal.da
com.google.android.gms.internal.da$a
com.google.android.gms.internal.da$a$a
com.google.android.gms.internal.db
com.google.android.gms.internal.dc
com.google.android.gms.internal.dd
com.google.android.gms.internal.de
com.google.android.gms.internal.df
com.google.android.gms.internal.df$1
com.google.android.gms.internal.df$10
com.google.android.gms.internal.df$11
com.google.android.gms.internal.df$2
com.google.android.gms.internal.df$3
com.google.android.gms.internal.df$4
com.google.android.gms.internal.df$5
com.google.android.gms.internal.df$6
com.google.android.gms.internal.df$7
com.google.android.gms.internal.df$8
com.google.android.gms.internal.df$9
com.google.android.gms.internal.dg
com.google.android.gms.internal.dg$1
com.google.android.gms.internal.dk
com.google.android.gms.internal.dk$1
com.google.android.gms.internal.dk$a